Build started 06.04.2014 15:12:46.
     1>Project "E:\Roman\Project Visual\Task6_include_my_lib_to_Task3_z_27\Task6_include_my_lib_to_Task3_z_27\Task6_include_my_lib_to_Task3_z_27.vcxproj" on node 2 (build target(s)).
     1>InitializeBuildStatus:
         Creating "Debug\Task6_include_my_lib_to_Task3_z_27.unsuccessfulbuild" because "AlwaysCreate" was specified.
       ClCompile:
         C:\Program Files (x86)\Microsoft Visual Studio 10.0\VC\bin\CL.exe /c /ZI /nologo /W3 /WX- /Od /Oy- /D _MBCS /Gm /EHsc /RTC1 /MDd /GS /fp:precise /Zc:wchar_t /Zc:forScope /Fo"Debug\\" /Fd"Debug\vc100.pdb" /Gd /TP /analyze- /errorReport:prompt function.cpp
         function.cpp
       Link:
         C:\Program Files (x86)\Microsoft Visual Studio 10.0\VC\bin\link.exe /ERRORREPORT:PROMPT /OUT:"E:\Roman\Project Visual\Task6_include_my_lib_to_Task3_z_27\Debug\Task6_include_my_lib_to_Task3_z_27.exe" /NOLOGO kernel32.lib user32.lib gdi32.lib winspool.lib comdlg32.lib advapi32.lib shell32.lib ole32.lib oleaut32.lib uuid.lib odbc32.lib odbccp32.lib /MANIFEST /ManifestFile:"Debug\Task6_include_my_lib_to_Task3_z_27.exe.intermediate.manifest" /MANIFESTUAC:"level='asInvoker' uiAccess='false'" /DEBUG /PDB:"E:\Roman\Project Visual\Task6_include_my_lib_to_Task3_z_27\Debug\Task6_include_my_lib_to_Task3_z_27.pdb" /TLBID:1 /DYNAMICBASE /NXCOMPAT /IMPLIB:"E:\Roman\Project Visual\Task6_include_my_lib_to_Task3_z_27\Debug\Task6_include_my_lib_to_Task3_z_27.lib" /MACHINE:X86 Debug\function.obj
         Debug\Task6.obj
         my_Dll_v_1.lib
         LINK : E:\Roman\Project Visual\Task6_include_my_lib_to_Task3_z_27\Debug\Task6_include_my_lib_to_Task3_z_27.exe not found or not built by the last incremental link; performing full link
     1>my_Dll_v_1.lib(myString.obj) : warning LNK4099: PDB 'vc100.pdb' was not found with 'my_Dll_v_1.lib(myString.obj)' or at 'E:\Roman\Project Visual\Task6_include_my_lib_to_Task3_z_27\Debug\vc100.pdb'; linking object as if no debug info
         Task6_include_my_lib_to_Task3_z_27.vcxproj -> E:\Roman\Project Visual\Task6_include_my_lib_to_Task3_z_27\Debug\Task6_include_my_lib_to_Task3_z_27.exe
       Manifest:
         C:\Program Files (x86)\Microsoft SDKs\Windows\v7.0A\bin\mt.exe /nologo /verbose /outputresource:"E:\Roman\Project Visual\Task6_include_my_lib_to_Task3_z_27\Debug\Task6_include_my_lib_to_Task3_z_27.exe;#1" /manifest Debug\Task6_include_my_lib_to_Task3_z_27.exe.intermediate.manifest
       FinalizeBuildStatus:
         Deleting file "Debug\Task6_include_my_lib_to_Task3_z_27.unsuccessfulbuild".
         Touching "Debug\Task6_include_my_lib_to_Task3_z_27.lastbuildstate".
     1>Done Building Project "E:\Roman\Project Visual\Task6_include_my_lib_to_Task3_z_27\Task6_include_my_lib_to_Task3_z_27\Task6_include_my_lib_to_Task3_z_27.vcxproj" (build target(s)).

Build succeeded.

Time Elapsed 00:00:01.25
